#
# There is insufficient memory for the Java Runtime Environment to continue.
# Native memory allocation (mmap) failed to map 132120576 bytes for G1 virtual space
# Possible reasons:
#   The system is out of physical RAM or swap space
#   The process is running with CompressedOops enabled, and the Java Heap may be blocking the growth of the native heap
# Possible solutions:
#   Reduce memory load on the system
#   Increase physical memory or swap space
#   Check if swap backing store is full
#   Decrease Java heap size (-Xmx/-Xms)
#   Decrease number of Java threads
#   Decrease Java thread stack sizes (-Xss)
#   Set larger code cache with -XX:ReservedCodeCacheSize=
#   JVM is running with Unscaled Compressed Oops mode in which the Java heap is
#     placed in the first 4GB address space. The Java Heap base address is the
#     maximum limit for the native heap growth. Please use -XX:HeapBaseMinAddress
#     to set the Java Heap base and to place the Java Heap above 4GB virtual address.
# This output file may be truncated or incomplete.
#
#  Out of Memory Error (os_windows.cpp:3825), pid=19556, tid=10736
#
# JRE version:  (17.0.10+1) (build )
# Java VM: OpenJDK 64-Bit Server VM (17.0.10+1-b1207.14, mixed mode, sharing, tiered, compressed oops, compressed class ptrs, g1 gc, windows-amd64)
# No core dump will be written. Minidumps are not enabled by default on client versions of Windows
#

---------------  S U M M A R Y ------------

Command Line: git4idea.http.GitAskPassApp Username for 'https://github.com': 

Host: Intel(R) Core(TM) i7-8550U CPU @ 1.80GHz, 8 cores, 7G,  Windows 11 , 64 bit Build 26100 (10.0.26100.2454)
Time: Wed Feb 12 18:20:13 2025 Coordinated Universal Time elapsed time: 0.043080 seconds (0d 0h 0m 0s)

---------------  T H R E A D  ---------------

Current thread (0x000002084676ddd0):  JavaThread "Unknown thread" [_thread_in_vm, id=10736, stack(0x00000084aa900000,0x00000084aaa00000)]

Stack: [0x00000084aa900000,0x00000084aaa00000]
Native frames: (J=compiled Java code, j=interpreted, Vv=VM code, C=native code)
V  [jvm.dll+0x687989]
V  [jvm.dll+0x84116a]
V  [jvm.dll+0x842dae]
V  [jvm.dll+0x843413]
V  [jvm.dll+0x249ccf]
V  [jvm.dll+0x684759]
V  [jvm.dll+0x67900a]
V  [jvm.dll+0x30ab0b]
V  [jvm.dll+0x311fb6]
V  [jvm.dll+0x361d5e]
V  [jvm.dll+0x361f8f]
V  [jvm.dll+0x2e07f8]
V  [jvm.dll+0x2e1764]
V  [jvm.dll+0x811c31]
V  [jvm.dll+0x36fc11]
V  [jvm.dll+0x7f0666]
V  [jvm.dll+0x3f3daf]
V  [jvm.dll+0x3f5a41]
C  [jli.dll+0x528f]
C  [ucrtbase.dll+0x14ea0]
C  [KERNEL32.DLL+0x2e8d7]
C  [ntdll.dll+0xdfbcc]


---------------  P R O C E S S  ---------------

Threads class SMR info:
_java_thread_list=0x00007ffff3c4df58, length=0, elements={
}

Java Threads: ( => current thread )

Other Threads:
  0x00000208467c7bd0 GCTaskThread "GC Thread#0" [stack: 0x00000084aaa00000,0x00000084aab00000] [id=1560]
  0x00000208467d9330 ConcurrentGCThread "G1 Main Marker" [stack: 0x00000084aab00000,0x00000084aac00000] [id=856]
  0x00000208467da4f0 ConcurrentGCThread "G1 Conc#0" [stack: 0x00000084aac00000,0x00000084aad00000] [id=19504]

[error occurred during error reporting (printing all threads), id 0xc0000005, EXCEPTION_ACCESS_VIOLATION (0xc0000005) at pc=0x00007ffff34013c7]

VM state: not at safepoint (not fully initialized)

VM Mutex/Monitor currently owned by a thread:  ([mutex/lock_event])
[0x000002084676b6d0] Heap_lock - owner thread: 0x000002084676ddd0

Heap address: 0x0000000082600000, size: 2010 MB, Compressed Oops mode: 32-bit

CDS archive(s) mapped at: [0x0000000000000000-0x0000000000000000-0x0000000000000000), size 0, SharedBaseAddress: 0x0000000800000000, ArchiveRelocationMode: 1.
Narrow klass base: 0x0000000000000000, Narrow klass shift: 0, Narrow klass range: 0x0

GC Precious Log:
<Empty>

Heap:
 garbage-first heap   total 0K, used 0K [0x0000000082600000, 0x0000000100000000)
  region size 1024K, 0 young (0K), 0 survivors (0K)
 Metaspace       used 0K, committed 0K, reserved 0K
  class space    used 0K, committed 0K, reserved 0K

Heap Regions: E=young(eden), S=young(survivor), O=old, HS=humongous(starts), HC=humongous(continues), CS=collection set, F=free, OA=open archive, CA=closed archive, TAMS=top-at-mark-start (previous, next)

Card table byte_map: [0x0000020859600000,0x00000208599f0000] _byte_map_base: 0x00000208591ed000

Marking Bits (Prev, Next): (CMBitMap*) 0x00000208467c81f0, (CMBitMap*) 0x00000208467c8230
 Prev Bits: [0x0000020859de0000, 0x000002085bd48000)
 Next Bits: [0x000002085bd50000, 0x000002085dcb8000)

GC Heap History (0 events):
No events

Dll operation events (1 events):
Event: 0.028 Loaded shared library C:\Program Files\JetBrains\PyCharm Community Edition 2024.1.1\jbr\bin\java.dll

Deoptimization events (0 events):
No events

Classes unloaded (0 events):
No events

Classes redefined (0 events):
No events

Internal exceptions (0 events):
No events

VM Operations (0 events):
No events

Events (0 events):
No events


Dynamic libraries:
0x00007ff7f14c0000 - 0x00007ff7f14ca000 	C:\Program Files\JetBrains\PyCharm Community Edition 2024.1.1\jbr\bin\java.exe
0x00007ff8a4b60000 - 0x00007ff8a4dc3000 	C:\WINDOWS\SYSTEM32\ntdll.dll
0x00007ff8a3f30000 - 0x00007ff8a3ff8000 	C:\WINDOWS\System32\KERNEL32.DLL
0x00007ff8a2550000 - 0x00007ff8a2902000 	C:\WINDOWS\System32\KERNELBASE.dll
0x00007ff8a2400000 - 0x00007ff8a254b000 	C:\WINDOWS\System32\ucrtbase.dll
0x00007ff860920000 - 0x00007ff86093b000 	C:\Program Files\JetBrains\PyCharm Community Edition 2024.1.1\jbr\bin\VCRUNTIME140.dll
0x00007ff878030000 - 0x00007ff878047000 	C:\Program Files\JetBrains\PyCharm Community Edition 2024.1.1\jbr\bin\jli.dll
0x00007ff8a45f0000 - 0x00007ff8a47b8000 	C:\WINDOWS\System32\USER32.dll
0x00007ff8a2330000 - 0x00007ff8a2357000 	C:\WINDOWS\System32\win32u.dll
0x00007ff8a2f90000 - 0x00007ff8a2fba000 	C:\WINDOWS\System32\GDI32.dll
0x00007ff8a1ff0000 - 0x00007ff8a211b000 	C:\WINDOWS\System32\gdi32full.dll
0x00007ff8a2910000 - 0x00007ff8a29b3000 	C:\WINDOWS\System32\msvcp_win.dll
0x00007ff885e30000 - 0x00007ff8860c0000 	C:\WINDOWS\WinSxS\amd64_microsoft.windows.common-controls_6595b64144ccf1df_6.0.26100.2454_none_3e0b68a2e331ad60\COMCTL32.dll
0x00007ff8a29c0000 - 0x00007ff8a2a69000 	C:\WINDOWS\System32\msvcrt.dll
0x00007ff8a2f10000 - 0x00007ff8a2f3f000 	C:\WINDOWS\System32\IMM32.DLL
0x00007ff879aa0000 - 0x00007ff879aac000 	C:\Program Files\JetBrains\PyCharm Community Edition 2024.1.1\jbr\bin\vcruntime140_1.dll
0x00007ff845410000 - 0x00007ff84549d000 	C:\Program Files\JetBrains\PyCharm Community Edition 2024.1.1\jbr\bin\msvcp140.dll
0x00007ffff3110000 - 0x00007ffff3d92000 	C:\Program Files\JetBrains\PyCharm Community Edition 2024.1.1\jbr\bin\server\jvm.dll
0x00007ff8a3340000 - 0x00007ff8a33f4000 	C:\WINDOWS\System32\ADVAPI32.dll
0x00007ff8a3e80000 - 0x00007ff8a3f26000 	C:\WINDOWS\System32\sechost.dll
0x00007ff8a3c70000 - 0x00007ff8a3d86000 	C:\WINDOWS\System32\RPCRT4.dll
0x00007ff8a1dc0000 - 0x00007ff8a1e0e000 	C:\WINDOWS\SYSTEM32\POWRPROF.dll
0x00007ff88c090000 - 0x00007ff88c0c6000 	C:\WINDOWS\SYSTEM32\WINMM.dll
0x00007ff89d260000 - 0x00007ff89d26b000 	C:\WINDOWS\SYSTEM32\VERSION.dll
0x00007ff898180000 - 0x00007ff89818a000 	C:\WINDOWS\SYSTEM32\WSOCK32.dll
0x00007ff8a3b10000 - 0x00007ff8a3b84000 	C:\WINDOWS\System32\WS2_32.dll
0x00007ff8a1cf0000 - 0x00007ff8a1d04000 	C:\WINDOWS\SYSTEM32\UMPDC.dll
0x00007ff8a0d30000 - 0x00007ff8a0d4a000 	C:\WINDOWS\SYSTEM32\kernel.appcore.dll
0x00007ff88c190000 - 0x00007ff88c19a000 	C:\Program Files\JetBrains\PyCharm Community Edition 2024.1.1\jbr\bin\jimage.dll
0x00007ff89f770000 - 0x00007ff89f9b1000 	C:\WINDOWS\SYSTEM32\DBGHELP.DLL
0x00007ff8a4260000 - 0x00007ff8a45de000 	C:\WINDOWS\System32\combase.dll
0x00007ff8a3260000 - 0x00007ff8a3336000 	C:\WINDOWS\System32\OLEAUT32.dll
0x00007ff881410000 - 0x00007ff881449000 	C:\WINDOWS\SYSTEM32\dbgcore.DLL
0x00007ff8a2360000 - 0x00007ff8a23f9000 	C:\WINDOWS\System32\bcryptPrimitives.dll
0x00007ff88c0f0000 - 0x00007ff88c115000 	C:\Program Files\JetBrains\PyCharm Community Edition 2024.1.1\jbr\bin\java.dll

dbghelp: loaded successfully - version: 4.0.5 - missing functions: none
symbol engine: initialized successfully - sym options: 0x614 - pdb path: .;C:\Program Files\JetBrains\PyCharm Community Edition 2024.1.1\jbr\bin;C:\WINDOWS\SYSTEM32;C:\WINDOWS\WinSxS\amd64_microsoft.windows.common-controls_6595b64144ccf1df_6.0.26100.2454_none_3e0b68a2e331ad60;C:\Program Files\JetBrains\PyCharm Community Edition 2024.1.1\jbr\bin\server

VM Arguments:
java_command: git4idea.http.GitAskPassApp Username for 'https://github.com': 
java_class_path (initial): C:/Program Files/JetBrains/PyCharm Community Edition 2024.1.1/plugins/vcs-git/lib/git4idea-rt.jar;C:/Program Files/JetBrains/PyCharm Community Edition 2024.1.1/lib/externalProcess-rt.jar
Launcher Type: SUN_STANDARD

[Global flags]
     intx CICompilerCount                          = 4                                         {product} {ergonomic}
     uint ConcGCThreads                            = 2                                         {product} {ergonomic}
     uint G1ConcRefinementThreads                  = 8                                         {product} {ergonomic}
   size_t G1HeapRegionSize                         = 1048576                                   {product} {ergonomic}
    uintx GCDrainStackTargetSize                   = 64                                        {product} {ergonomic}
   size_t InitialHeapSize                          = 132120576                                 {product} {ergonomic}
   size_t MarkStackSize                            = 4194304                                   {product} {ergonomic}
   size_t MaxHeapSize                              = 2107637760                                {product} {ergonomic}
   size_t MinHeapDeltaBytes                        = 1048576                                   {product} {ergonomic}
   size_t MinHeapSize                              = 8388608                                   {product} {ergonomic}
    uintx NonNMethodCodeHeapSize                   = 5839372                                {pd product} {ergonomic}
    uintx NonProfiledCodeHeapSize                  = 122909434                              {pd product} {ergonomic}
    uintx ProfiledCodeHeapSize                     = 122909434                              {pd product} {ergonomic}
    uintx ReservedCodeCacheSize                    = 251658240                              {pd product} {ergonomic}
     bool SegmentedCodeCache                       = true                                      {product} {ergonomic}
   size_t SoftMaxHeapSize                          = 2107637760                             {manageable} {ergonomic}
     bool UseCompressedClassPointers               = true                           {product lp64_product} {ergonomic}
     bool UseCompressedOops                        = true                           {product lp64_product} {ergonomic}
     bool UseG1GC                                  = true                                      {product} {ergonomic}
     bool UseLargePagesIndividualAllocation        = false                                  {pd product} {ergonomic}

Logging:
Log output configuration:
 #0: stdout all=warning uptime,level,tags
 #1: stderr all=off uptime,level,tags

Environment Variables:
PATH=C:\Program Files\Git\mingw64\libexec\git-core;C:\Program Files\Git\mingw64\libexec\git-core;C:\Program Files\Git\mingw64\bin;C:\Program Files\Git\usr\bin;C:\Users\USER\bin;C:\Program Files\Common Files\Oracle\Java\javapath;C:\Program Files (x86)\Common Files\Oracle\Java\java8path;C:\Program Files (x86)\Common Files\Oracle\Java\javapath;C:\WINDOWS\system32;C:\WINDOWS;C:\WINDOWS\System32\Wbem;C:\WINDOWS\System32\WindowsPowerShell\v1.0;C:\WINDOWS\System32\OpenSSH;C:\Program Files\Microsoft SQL Server\150\Tools\Binn;C:\Program Files (x86)\Intel\Intel(R) Management Engine Components\DAL;C:\Program Files\Intel\Intel(R) Management Engine Components\DAL;C:\Program Files\dotnet;C:\Program Files\Git\cmd;C:\Users\USER\Downloads;C:\Program Files\PowerShell\7;C:\Program Files\MySQL\MySQL Shell 8.0\bin;C:\Users\USER\AppData\Local\Programs\Python\Launcher;C:\Users\USER\AppData\Local\Programs\Python\Python39\Scripts;C:\Users\USER\AppData\Local\Programs\Python\Python39;C:\msys64\ucrt64\bin;C:\Users\USER\AppData\Local\Programs\Python\Python312;C:\Users\USER\AppData\Local\Microsoft\WindowsApps;C:\Users\USER\AppData\Local\Programs\Microsoft VS Code\bin;C:\UnLockCatch\tools\vcruntime;C:\Users\USER\AppData\Roaming\npm;C:\Program Files\JetBrains\IntelliJ IDEA 2024.2.4\bin;C:\Users\USER\AppData\Local\JetBrains\Toolbox\scripts
USERNAME=Kobby24
DISPLAY=:0.0
LC_ALL=en_US.UTF-8
TERM=xterm-256color
TMPDIR=C:\Users\USER\AppData\Local\Temp
OS=Windows_NT
PROCESSOR_IDENTIFIER=Intel64 Family 6 Model 142 Stepping 10, GenuineIntel
TMP=C:\Users\USER\AppData\Local\Temp
TEMP=C:\Users\USER\AppData\Local\Temp



Periodic native trim disabled

JNI global refs:
JNI global refs: 0, weak refs: 0

JNI global refs memory usage: 0, weak refs: 0

OOME stack traces (most recent first):
Classloader memory used:


---------------  S Y S T E M  ---------------

OS:
 Windows 11 , 64 bit Build 26100 (10.0.26100.2454)
OS uptime: 0 days 5:15 hours
Hyper-V role detected

CPU: total 8 (initial active 8) (4 cores per cpu, 2 threads per core) family 6 model 142 stepping 10 microcode 0xf6, cx8, cmov, fxsr, ht, mmx, 3dnowpref, sse, sse2, sse3, ssse3, sse4.1, sse4.2, popcnt, lzcnt, tsc, tscinvbit, avx, avx2, aes, erms, clmul, bmi1, bmi2, adx, fma, vzeroupper, clflush, clflushopt, hv
Processor Information for processor 0
  Max Mhz: 1992, Current Mhz: 1792, Mhz Limit: 1792
Processor Information for processor 1
  Max Mhz: 1992, Current Mhz: 1792, Mhz Limit: 1792
Processor Information for processor 2
  Max Mhz: 1992, Current Mhz: 1494, Mhz Limit: 1792
Processor Information for processor 3
  Max Mhz: 1992, Current Mhz: 1792, Mhz Limit: 1792
Processor Information for processor 4
  Max Mhz: 1992, Current Mhz: 1792, Mhz Limit: 1792
Processor Information for processor 5
  Max Mhz: 1992, Current Mhz: 1792, Mhz Limit: 1792
Processor Information for processor 6
  Max Mhz: 1992, Current Mhz: 1792, Mhz Limit: 1792
Processor Information for processor 7
  Max Mhz: 1992, Current Mhz: 1792, Mhz Limit: 1792

Memory: 4k page, system-wide physical 8035M (975M free)
TotalPageFile size 14987M (AvailPageFile size 45M)
current process WorkingSet (physical memory assigned to process): 12M, peak: 12M
current process commit charge ("private bytes"): 60M, peak: 186M

vm_info: OpenJDK 64-Bit Server VM (17.0.10+1-b1207.14) for windows-amd64 JRE (17.0.10+1-b1207.14), built on 2024-04-05 by "builduser" with MS VC++ 16.10 / 16.11 (VS2019)

END.
